<?xml version="1.0" encoding="UTF-8"?>
<!-- Generated by org.testng.reporters.JUnitReportReporter -->
<testsuite skipped="0" hostname="DESKTOP-86CSM53" name="Formation.Initialisation" tests="1" failures="0" timestamp="2021-06-23T14:59:59 CEST" time="5.524" errors="0">
  <testcase name="init" time="5.524" classname="Formation.Initialisation"/>
  <system-out/>
</testsuite> <!-- Formation.Initialisation -->
