<?xml version="1.0" encoding="UTF-8"?>
<!-- Generated by org.testng.reporters.JUnitReportReporter -->
<testsuite skipped="0" hostname="DESKTOP-86CSM53" name="Formation.StaticDropdown" tests="1" failures="0" timestamp="2021-06-26T13:56:22 CEST" time="11.507" errors="0">
  <testcase name="init" time="11.507" classname="Formation.StaticDropdown"/>
  <system-out/>
</testsuite> <!-- Formation.StaticDropdown -->
